<?xml version="1.0" encoding="UTF-8"?>
<!-- Generated by org.testng.reporters.JUnitReportReporter -->
<testsuite hostname="prashanth" failures="0" tests="1" name="test_package.TestCase01" time="66.688" errors="0" timestamp="2022-10-26T23:47:38 IST" skipped="0">
  <testcase classname="test_package.TestCase01" name="Test01" time="66.688"/>
  <system-out/>
</testsuite> <!-- test_package.TestCase01 -->
