<?xml version="1.0" encoding="UTF-8"?>
<!-- Generated by org.testng.reporters.JUnitReportReporter -->
<testsuite hostname="prashanth" failures="0" tests="1" name="test_package.TestBase" time="4.947" errors="0" timestamp="2022-10-26T23:19:35 IST" skipped="0">
  <testcase classname="test_package.TestBase" name="Test01" time="4.947"/>
  <system-out/>
</testsuite> <!-- test_package.TestBase -->
