<?xml version="1.0" encoding="UTF-8"?>
<!-- Generated by org.testng.reporters.JUnitReportReporter -->
<testsuite hostname="prashanth" failures="0" tests="2" name="test_package.TestCase01" time="20.627" errors="0" timestamp="2022-10-31T01:18:54 IST" skipped="0">
  <testcase classname="test_package.TestCase01" name="Test01" time="8.613"/>
  <system-out/>
  <testcase classname="test_package.TestCase01" name="Test02" time="12.014"/>
  <system-out/>
</testsuite> <!-- test_package.TestCase01 -->
