<?xml version="1.0" encoding="UTF-8"?>
<!-- Generated by org.testng.reporters.JUnitReportReporter -->
<testsuite hostname="prashanth" failures="0" tests="1" name="test_package.TestCase01" time="9.415" errors="0" timestamp="2022-10-30T22:54:36 IST" skipped="0">
  <testcase classname="test_package.TestCase01" name="Test01" time="9.415"/>
  <system-out>
    <![CDATA[===User Entered Username===
===User Entered password===
===User clicked login button===]]>
  </system-out>
</testsuite> <!-- test_package.TestCase01 -->
