<?xml version="1.0" encoding="UTF-8"?>
<!-- Generated by org.testng.reporters.JUnitReportReporter -->
<testsuite hostname="prashanth" failures="0" tests="2" name="test_package.TestCase01" time="20.966" errors="0" timestamp="2022-10-31T01:24:45 IST" skipped="0">
  <testcase classname="test_package.TestCase01" name="Test01" time="8.706"/>
  <system-out>
    <![CDATA[===user LoginTest completed success===]]>
  </system-out>
  <testcase classname="test_package.TestCase01" name="Test02" time="12.260"/>
  <system-out>
    <![CDATA[===user LoginTest completed success===
===User clicked on the username label===
===User clicked on the LogOut Button ===]]>
  </system-out>
</testsuite> <!-- test_package.TestCase01 -->
